c:\users\mikeg\desktop\sypb_src\project\sypb_debug\sypb.bsc
c:\users\mikeg\desktop\sypb_src\project\sypb_debug\inf\sypb.pch
c:\users\mikeg\desktop\sypb_src\project\sypb_debug\inf\vc140.pdb
c:\users\mikeg\desktop\sypb_src\project\sypb_debug\inf\vc140.idb
c:\users\mikeg\desktop\sypb_src\project\sypb_debug\inf\precomp.sbr
c:\users\mikeg\desktop\sypb_src\project\sypb_debug\obj\precomp.obj
c:\users\mikeg\desktop\sypb_src\project\sypb_debug\inf\basecode.sbr
c:\users\mikeg\desktop\sypb_src\project\sypb_debug\inf\callbacks.sbr
c:\users\mikeg\desktop\sypb_src\project\sypb_debug\inf\chatlib.sbr
c:\users\mikeg\desktop\sypb_src\project\sypb_debug\inf\combat.sbr
c:\users\mikeg\desktop\sypb_src\project\sypb_debug\inf\control.sbr
c:\users\mikeg\desktop\sypb_src\project\sypb_debug\inf\engine.sbr
c:\users\mikeg\desktop\sypb_src\project\sypb_debug\inf\experience.sbr
c:\users\mikeg\desktop\sypb_src\project\sypb_debug\inf\globals.sbr
c:\users\mikeg\desktop\sypb_src\project\sypb_debug\inf\interface.sbr
c:\users\mikeg\desktop\sypb_src\project\sypb_debug\inf\navigate.sbr
c:\users\mikeg\desktop\sypb_src\project\sypb_debug\inf\netmsg.sbr
c:\users\mikeg\desktop\sypb_src\project\sypb_debug\inf\support.sbr
c:\users\mikeg\desktop\sypb_src\project\sypb_debug\inf\waypoint.sbr
c:\users\mikeg\desktop\sypb_src\project\sypb_debug\obj\waypoint.obj
c:\users\mikeg\desktop\sypb_src\project\sypb_debug\obj\support.obj
c:\users\mikeg\desktop\sypb_src\project\sypb_debug\obj\netmsg.obj
c:\users\mikeg\desktop\sypb_src\project\sypb_debug\obj\navigate.obj
c:\users\mikeg\desktop\sypb_src\project\sypb_debug\obj\interface.obj
c:\users\mikeg\desktop\sypb_src\project\sypb_debug\obj\globals.obj
c:\users\mikeg\desktop\sypb_src\project\sypb_debug\obj\experience.obj
c:\users\mikeg\desktop\sypb_src\project\sypb_debug\obj\engine.obj
c:\users\mikeg\desktop\sypb_src\project\sypb_debug\obj\control.obj
c:\users\mikeg\desktop\sypb_src\project\sypb_debug\obj\combat.obj
c:\users\mikeg\desktop\sypb_src\project\sypb_debug\obj\chatlib.obj
c:\users\mikeg\desktop\sypb_src\project\sypb_debug\obj\callbacks.obj
c:\users\mikeg\desktop\sypb_src\project\sypb_debug\obj\basecode.obj
c:\users\mikeg\desktop\sypb_src\project\sypb_debug\sypb.dll
c:\users\mikeg\desktop\sypb_src\project\sypb_debug\sypb.pdb
c:\users\mikeg\desktop\sypb_src\project\sypb_debug\inf\sypb.res
c:\users\mikeg\desktop\sypb_src\project\sypb_debug\inf\sypb.lib
c:\users\mikeg\desktop\sypb_src\project\sypb_debug\inf\sypb.exp
c:\users\mikeg\desktop\sypb_src\project\.\sypb_debug\sypb.dll
c:\users\mikeg\desktop\sypb_src\project\sypb_debug\inf\sypb.tlog\bscmake.command.1.tlog
c:\users\mikeg\desktop\sypb_src\project\sypb_debug\inf\sypb.tlog\bscmake.read.1.tlog
c:\users\mikeg\desktop\sypb_src\project\sypb_debug\inf\sypb.tlog\bscmake.write.1.tlog
c:\users\mikeg\desktop\sypb_src\project\sypb_debug\inf\sypb.tlog\cl.command.1.tlog
c:\users\mikeg\desktop\sypb_src\project\sypb_debug\inf\sypb.tlog\cl.read.1.tlog
c:\users\mikeg\desktop\sypb_src\project\sypb_debug\inf\sypb.tlog\cl.write.1.tlog
c:\users\mikeg\desktop\sypb_src\project\sypb_debug\inf\sypb.tlog\link.command.1.tlog
c:\users\mikeg\desktop\sypb_src\project\sypb_debug\inf\sypb.tlog\link.read.1.tlog
c:\users\mikeg\desktop\sypb_src\project\sypb_debug\inf\sypb.tlog\link.write.1.tlog
c:\users\mikeg\desktop\sypb_src\project\sypb_debug\inf\sypb.tlog\rc.command.1.tlog
c:\users\mikeg\desktop\sypb_src\project\sypb_debug\inf\sypb.tlog\rc.read.1.tlog
c:\users\mikeg\desktop\sypb_src\project\sypb_debug\inf\sypb.tlog\rc.write.1.tlog
c:\users\mikeg\desktop\sypb_src\project\sypb_debug\inf\sypb.tlog\sypb.write.1u.tlog
