Build started 2015/9/20 上午 02:01:19.
     1>Project "C:\Users\mikeg\Desktop\sypb_src\project_v120\sypb.vcxproj" on node 2 (Build target(s)).
     1>ClCompile:
         C:\Program Files (x86)\Microsoft Visual Studio 12.0\VC\bin\CL.exe /c /I.\ /I..\ /I..\include /ZI /nologo /W3 /Od /Oi /Oy- /D NDEBUG /D WIN32 /D _WINDLL /D _MBCS /Gm- /EHsc /MT /GS /fp:precise /Zc:wchar_t /Zc:forScope /GR /Yc"core.h" /Fp".\sypb_release\inf\sypb.pch" /Fo".\sypb_release\obj\\" /Fd".\sypb_release\inf\vc120.pdb" /Gd /TP /analyze- /errorReport:prompt ..\source\precomp.cpp
         precomp.cpp
         C:\Program Files (x86)\Microsoft Visual Studio 12.0\VC\bin\CL.exe /c /I.\ /I..\ /I..\include /ZI /nologo /W3 /Od /Oi /Oy- /D NDEBUG /D WIN32 /D _WINDLL /D _MBCS /Gm- /EHsc /MT /GS /fp:precise /Zc:wchar_t /Zc:forScope /GR /Yu"core.h" /Fp".\sypb_release\inf\sypb.pch" /Fo".\sypb_release\obj\\" /Fd".\sypb_release\inf\vc120.pdb" /Gd /TP /analyze- /errorReport:prompt ..\source\basecode.cpp ..\source\callbacks.cpp ..\source\chatlib.cpp ..\source\combat.cpp ..\source\control.cpp ..\source\engine.cpp ..\source\Experience.cpp ..\source\globals.cpp ..\source\interface.cpp ..\source\navigate.cpp ..\source\netmsg.cpp ..\source\support.cpp ..\source\waypoint.cpp
         basecode.cpp
         callbacks.cpp
         chatlib.cpp
         combat.cpp
     1>c:\users\mikeg\desktop\sypb_src\source\combat.cpp(1474): warning C4305: '*=' : truncation from 'double' to 'float'
     1>c:\users\mikeg\desktop\sypb_src\source\combat.cpp(1481): warning C4305: '*=' : truncation from 'double' to 'float'
     1>c:\users\mikeg\desktop\sypb_src\source\combat.cpp(1483): warning C4305: '*=' : truncation from 'double' to 'float'
     1>c:\users\mikeg\desktop\sypb_src\source\combat.cpp(1485): warning C4305: '*=' : truncation from 'double' to 'float'
         control.cpp
         engine.cpp
         Experience.cpp
         globals.cpp
         interface.cpp
         navigate.cpp
     1>c:\users\mikeg\desktop\sypb_src\source\navigate.cpp(77): warning C4244: 'initializing' : conversion from 'float' to 'int', possible loss of data
     1>c:\users\mikeg\desktop\sypb_src\source\navigate.cpp(79): warning C4244: '=' : conversion from 'float' to 'int', possible loss of data
     1>c:\users\mikeg\desktop\sypb_src\source\navigate.cpp(82): warning C4244: 'argument' : conversion from 'int' to 'float', possible loss of data
     1>c:\users\mikeg\desktop\sypb_src\source\navigate.cpp(1207): warning C4244: '=' : conversion from 'int' to 'float', possible loss of data
         netmsg.cpp
         support.cpp
         waypoint.cpp
         Generating Code...
       ResourceCompile:
         C:\Program Files (x86)\Windows Kits\8.1\bin\x86\rc.exe /D NDEBUG /l"0x0409" /nologo /fo".\sypb_release\inf\sypb.res" ..\include\sypb.rc 
       Link:
         C:\Program Files (x86)\Microsoft Visual Studio 12.0\VC\bin\link.exe /ERRORREPORT:PROMPT /OUT:".\sypb_release/sypb.dll" /INCREMENTAL:NO /NOLOGO kernel32.lib user32.lib gdi32.lib winspool.lib comdlg32.lib advapi32.lib shell32.lib ole32.lib oleaut32.lib uuid.lib odbc32.lib odbccp32.lib /MANIFEST:NO /DEBUG /PDB:".\sypb_release\sypb.pdb" /OPT:REF /OPT:ICF /TLBID:1 /DYNAMICBASE:NO /NOASSEMBLY /IMPLIB:".\sypb_release\inf\sypb.lib" /MACHINE:X86 /SAFESEH /DLL .\sypb_release\inf\sypb.res
         .\sypb_release\obj\basecode.obj
         .\sypb_release\obj\callbacks.obj
         .\sypb_release\obj\chatlib.obj
         .\sypb_release\obj\combat.obj
         .\sypb_release\obj\control.obj
         .\sypb_release\obj\engine.obj
         .\sypb_release\obj\Experience.obj
         .\sypb_release\obj\globals.obj
         .\sypb_release\obj\interface.obj
         .\sypb_release\obj\navigate.obj
         .\sypb_release\obj\netmsg.obj
         .\sypb_release\obj\precomp.obj
         .\sypb_release\obj\support.obj
         .\sypb_release\obj\waypoint.obj
     1>basecode.obj : warning LNK4075: ignoring '/EDITANDCONTINUE' due to '/OPT:ICF' specification
            Creating library .\sypb_release\inf\sypb.lib and object .\sypb_release\inf\sypb.exp
         sypb.vcxproj -> C:\Users\mikeg\Desktop\sypb_src\project_v120\.\sypb_release\sypb.dll
     1>Done Building Project "C:\Users\mikeg\Desktop\sypb_src\project_v120\sypb.vcxproj" (Build target(s)).

Build succeeded.

Time Elapsed 00:00:04.23
