已經開始建置於 20/9/2015 2:13:40。
     1>節點 2 (Rebuild 目標) 上的專案 "C:\Users\mikeg\Desktop\sypb_amxx_src\project_v140\sypb_amxx.vcxproj"。
     1>ClCompile:
         C:\Program Files (x86)\Microsoft Visual Studio 14.0\VC\bin\CL.exe /c /I..\sdk\hlsdk /I..\sdk\metamod /I..\sdk /ZI /nologo /W3 /WX- /Od /Oy- /D WIN32 /D _DEBUG /D _CONSOLE /D _WINDLL /Gm- /EHsc /MT /GS /fp:precise /Zc:wchar_t /Zc:forScope /Zc:inline /Fo".\sypb_release\obj\\" /Fd".\sypb_release\inf\vc140.pdb" /Gd /TP /analyze- /errorReport:prompt ..\source\base.cpp ..\source\main.cpp ..\sdk\amxxmodule.cpp
         base.cpp
         main.cpp
         amxxmodule.cpp
         正在產生程式碼...
       ResourceCompile:
         C:\Program Files (x86)\Windows Kits\8.1\bin\x86\rc.exe /l"0x0409" /nologo /fo".\sypb_release\inf\sypb_amxx.res" sypb_amxx.rc 
       Link:
         C:\Program Files (x86)\Microsoft Visual Studio 14.0\VC\bin\link.exe /ERRORREPORT:PROMPT /OUT:".\sypb_release/sypb_amxx.dll" /INCREMENTAL:NO /NOLOGO kernel32.lib user32.lib gdi32.lib winspool.lib comdlg32.lib advapi32.lib shell32.lib ole32.lib oleaut32.lib uuid.lib odbc32.lib odbccp32.lib /MANIFEST:NO /Debug /PDB:".\sypb_release\sypb_amxx.pdb" /OPT:REF /OPT:ICF /TLBID:1 /DYNAMICBASE:NO /NOASSEMBLY /IMPLIB:".\sypb_release\inf\sypb_amxx.lib" /MACHINE:X86 /SAFESEH /DLL .\sypb_release\inf\sypb_amxx.res
         .\sypb_release\obj\base.obj
         .\sypb_release\obj\main.obj
         .\sypb_release\obj\amxxmodule.obj
     1>base.obj : warning LNK4075: 忽略 '/EDITANDCONTINUE'，由於 '/OPT:ICF' 規格
            正在建立程式庫 .\sypb_release\inf\sypb_amxx.lib 和物件 .\sypb_release\inf\sypb_amxx.exp
         sypb_amxx.vcxproj -> C:\Users\mikeg\Desktop\sypb_amxx_src\project_v140\.\sypb_release\sypb_amxx.dll
     1>專案 "C:\Users\mikeg\Desktop\sypb_amxx_src\project_v140\sypb_amxx.vcxproj" (Rebuild 目標) 建置完成。

建置成功。

經過時間 00:00:03.04
