c:\users\mikeg\desktop\sypb_src\project_v140\sypb_debug\inf\sypb.pch
c:\users\mikeg\desktop\sypb_src\project_v140\sypb_debug\inf\vc140.pdb
c:\users\mikeg\desktop\sypb_src\project_v140\sypb_debug\inf\vc140.idb
c:\users\mikeg\desktop\sypb_src\project_v140\sypb_debug\obj\precomp.obj
c:\users\mikeg\desktop\sypb_src\project_v140\sypb_debug\obj\waypoint.obj
c:\users\mikeg\desktop\sypb_src\project_v140\sypb_debug\obj\support.obj
c:\users\mikeg\desktop\sypb_src\project_v140\sypb_debug\obj\netmsg.obj
c:\users\mikeg\desktop\sypb_src\project_v140\sypb_debug\obj\navigate.obj
c:\users\mikeg\desktop\sypb_src\project_v140\sypb_debug\obj\interface.obj
c:\users\mikeg\desktop\sypb_src\project_v140\sypb_debug\obj\globals.obj
c:\users\mikeg\desktop\sypb_src\project_v140\sypb_debug\obj\experience.obj
c:\users\mikeg\desktop\sypb_src\project_v140\sypb_debug\obj\engine.obj
c:\users\mikeg\desktop\sypb_src\project_v140\sypb_debug\obj\control.obj
c:\users\mikeg\desktop\sypb_src\project_v140\sypb_debug\obj\combat.obj
c:\users\mikeg\desktop\sypb_src\project_v140\sypb_debug\obj\chatlib.obj
c:\users\mikeg\desktop\sypb_src\project_v140\sypb_debug\obj\callbacks.obj
c:\users\mikeg\desktop\sypb_src\project_v140\sypb_debug\obj\basecode.obj
c:\users\mikeg\desktop\sypb_src\project_v140\sypb_debug\sypb_debug.dll
c:\users\mikeg\desktop\sypb_src\project_v140\sypb_debug\sypb.pdb
c:\users\mikeg\desktop\sypb_src\project_v140\sypb_debug\inf\sypb.res
c:\users\mikeg\desktop\sypb_src\project_v140\sypb_debug\inf\sypb.lib
c:\users\mikeg\desktop\sypb_src\project_v140\sypb_debug\inf\sypb.exp
c:\users\mikeg\desktop\sypb_src\project_v140\sypb_debug\inf\sypb.tlog\cl.command.1.tlog
c:\users\mikeg\desktop\sypb_src\project_v140\sypb_debug\inf\sypb.tlog\cl.read.1.tlog
c:\users\mikeg\desktop\sypb_src\project_v140\sypb_debug\inf\sypb.tlog\cl.write.1.tlog
c:\users\mikeg\desktop\sypb_src\project_v140\sypb_debug\inf\sypb.tlog\link.command.1.tlog
c:\users\mikeg\desktop\sypb_src\project_v140\sypb_debug\inf\sypb.tlog\link.read.1.tlog
c:\users\mikeg\desktop\sypb_src\project_v140\sypb_debug\inf\sypb.tlog\link.write.1.tlog
c:\users\mikeg\desktop\sypb_src\project_v140\sypb_debug\inf\sypb.tlog\rc.command.1.tlog
c:\users\mikeg\desktop\sypb_src\project_v140\sypb_debug\inf\sypb.tlog\rc.read.1.tlog
c:\users\mikeg\desktop\sypb_src\project_v140\sypb_debug\inf\sypb.tlog\rc.write.1.tlog
c:\users\mikeg\desktop\sypb_src\project_v140\sypb_debug\inf\sypb.tlog\sypb.write.1u.tlog
