c:\users\mikeg\desktop\sypb_amxx_src\project_v140\sypb_release\inf\vc140.pdb
c:\users\mikeg\desktop\sypb_amxx_src\project_v140\sypb_release\inf\vc140.idb
c:\users\mikeg\desktop\sypb_amxx_src\project_v140\sypb_release\obj\amxxmodule.obj
c:\users\mikeg\desktop\sypb_amxx_src\project_v140\sypb_release\obj\main.obj
c:\users\mikeg\desktop\sypb_amxx_src\project_v140\sypb_release\obj\base.obj
c:\users\mikeg\desktop\sypb_amxx_src\project_v140\sypb_release\sypb_amxx.dll
c:\users\mikeg\desktop\sypb_amxx_src\project_v140\sypb_release\sypb_amxx.pdb
c:\users\mikeg\desktop\sypb_amxx_src\project_v140\sypb_release\inf\sypb_amxx.res
c:\users\mikeg\desktop\sypb_amxx_src\project_v140\sypb_release\inf\sypb_amxx.lib
c:\users\mikeg\desktop\sypb_amxx_src\project_v140\sypb_release\inf\sypb_amxx.exp
c:\users\mikeg\desktop\sypb_amxx_src\project_v140\.\sypb_release\sypb_amxx.dll
c:\users\mikeg\desktop\sypb_amxx_src\project_v140\sypb_release\inf\sypb_amxx.tlog\cl.command.1.tlog
c:\users\mikeg\desktop\sypb_amxx_src\project_v140\sypb_release\inf\sypb_amxx.tlog\cl.read.1.tlog
c:\users\mikeg\desktop\sypb_amxx_src\project_v140\sypb_release\inf\sypb_amxx.tlog\cl.write.1.tlog
c:\users\mikeg\desktop\sypb_amxx_src\project_v140\sypb_release\inf\sypb_amxx.tlog\link.command.1.tlog
c:\users\mikeg\desktop\sypb_amxx_src\project_v140\sypb_release\inf\sypb_amxx.tlog\link.read.1.tlog
c:\users\mikeg\desktop\sypb_amxx_src\project_v140\sypb_release\inf\sypb_amxx.tlog\link.write.1.tlog
c:\users\mikeg\desktop\sypb_amxx_src\project_v140\sypb_release\inf\sypb_amxx.tlog\rc.command.1.tlog
c:\users\mikeg\desktop\sypb_amxx_src\project_v140\sypb_release\inf\sypb_amxx.tlog\rc.read.1.tlog
c:\users\mikeg\desktop\sypb_amxx_src\project_v140\sypb_release\inf\sypb_amxx.tlog\rc.write.1.tlog
c:\users\mikeg\desktop\sypb_amxx_src\project_v140\sypb_release\inf\sypb_amxx.tlog\sypb_amxx.write.1u.tlog
