e:\sypb_src\project_v120\sypb_release\inf\sypb.pch
e:\sypb_src\project_v120\sypb_release\inf\vc120.pdb
e:\sypb_src\project_v120\sypb_release\inf\vc120.idb
e:\sypb_src\project_v120\sypb_release\obj\precomp.obj
e:\sypb_src\project_v120\sypb_release\obj\waypoint.obj
e:\sypb_src\project_v120\sypb_release\obj\support.obj
e:\sypb_src\project_v120\sypb_release\obj\netmsg.obj
e:\sypb_src\project_v120\sypb_release\obj\navigate.obj
e:\sypb_src\project_v120\sypb_release\obj\interface.obj
e:\sypb_src\project_v120\sypb_release\obj\globals.obj
e:\sypb_src\project_v120\sypb_release\obj\experience.obj
e:\sypb_src\project_v120\sypb_release\obj\engine.obj
e:\sypb_src\project_v120\sypb_release\obj\control.obj
e:\sypb_src\project_v120\sypb_release\obj\combat.obj
e:\sypb_src\project_v120\sypb_release\obj\chatlib.obj
e:\sypb_src\project_v120\sypb_release\obj\callbacks.obj
e:\sypb_src\project_v120\sypb_release\obj\basecode.obj
e:\sypb_src\project_v120\sypb_release\inf\sypb.res
e:\sypb_src\project_v120\sypb_release\sypb.dll
e:\sypb_src\project_v120\sypb_release\sypb.pdb
e:\sypb_src\project_v120\sypb_release\inf\sypb.lib
e:\sypb_src\project_v120\sypb_release\inf\sypb.exp
e:\sypb_src\project_v120\.\sypb_release\sypb.dll
e:\sypb_src\project_v120\sypb_release\inf\sypb.tlog\cl.read.1.tlog
e:\sypb_src\project_v120\sypb_release\inf\sypb.tlog\cl.write.1.tlog
e:\sypb_src\project_v120\sypb_release\inf\sypb.tlog\cl.command.1.tlog
e:\sypb_src\project_v120\sypb_release\inf\sypb.tlog\rc.read.1.tlog
e:\sypb_src\project_v120\sypb_release\inf\sypb.tlog\rc.write.1.tlog
e:\sypb_src\project_v120\sypb_release\inf\sypb.tlog\rc.command.1.tlog
e:\sypb_src\project_v120\sypb_release\inf\sypb.tlog\link.read.1.tlog
e:\sypb_src\project_v120\sypb_release\inf\sypb.tlog\link.write.1.tlog
e:\sypb_src\project_v120\sypb_release\inf\sypb.tlog\link.command.1.tlog
e:\sypb_src\project_v120\sypb_release\inf\sypb.tlog\sypb.write.1u.tlog
