c:\users\mikeg\desktop\swnpc_src\project\swnpc_debug\inf\vc140.pdb
c:\users\mikeg\desktop\swnpc_src\project\swnpc_debug\inf\vc140.idb
c:\users\mikeg\desktop\swnpc_src\project\swnpc_debug\obj\waypoint.obj
c:\users\mikeg\desktop\swnpc_src\project\swnpc_debug\obj\sypbload.obj
c:\users\mikeg\desktop\swnpc_src\project\swnpc_debug\obj\npc_control.obj
c:\users\mikeg\desktop\swnpc_src\project\swnpc_debug\obj\npc_ai.obj
c:\users\mikeg\desktop\swnpc_src\project\swnpc_debug\obj\main.obj
c:\users\mikeg\desktop\swnpc_src\project\swnpc_debug\obj\base.obj
c:\users\mikeg\desktop\swnpc_src\project\swnpc_debug\obj\api.obj
c:\users\mikeg\desktop\swnpc_src\project\swnpc_debug\obj\amxxmodule.obj
c:\users\mikeg\desktop\swnpc_src\project\swnpc_debug\swnpc_amxx.dll
c:\users\mikeg\desktop\swnpc_src\project\swnpc_debug\inf\swnpc.dll.intermediate.manifest
c:\users\mikeg\desktop\swnpc_src\project\swnpc_debug\inf\swnpc.res
c:\users\mikeg\desktop\swnpc_src\project\swnpc_debug\swnpc.lib
c:\users\mikeg\desktop\swnpc_src\project\swnpc_debug\swnpc.exp
c:\users\mikeg\desktop\swnpc_src\project\swnpc_debug\inf\swnpc.tlog\cl.command.1.tlog
c:\users\mikeg\desktop\swnpc_src\project\swnpc_debug\inf\swnpc.tlog\cl.read.1.tlog
c:\users\mikeg\desktop\swnpc_src\project\swnpc_debug\inf\swnpc.tlog\cl.write.1.tlog
c:\users\mikeg\desktop\swnpc_src\project\swnpc_debug\inf\swnpc.tlog\link.command.1.tlog
c:\users\mikeg\desktop\swnpc_src\project\swnpc_debug\inf\swnpc.tlog\link.read.1.tlog
c:\users\mikeg\desktop\swnpc_src\project\swnpc_debug\inf\swnpc.tlog\link.write.1.tlog
c:\users\mikeg\desktop\swnpc_src\project\swnpc_debug\inf\swnpc.tlog\rc.command.1.tlog
c:\users\mikeg\desktop\swnpc_src\project\swnpc_debug\inf\swnpc.tlog\rc.read.1.tlog
c:\users\mikeg\desktop\swnpc_src\project\swnpc_debug\inf\swnpc.tlog\rc.write.1.tlog
c:\users\mikeg\desktop\swnpc_src\project\swnpc_debug\inf\swnpc.tlog\swnpc.write.1u.tlog
