Build started 2015/8/21 上午 02:03:49.
     1>Project "E:\sypb_amxx_src\project_v120\sypb_amxx.vcxproj" on node 2 (Build target(s)).
     1>ClCompile:
         C:\Program Files (x86)\Microsoft Visual Studio 12.0\VC\bin\CL.exe /c /I..\sdk\hlsdk /I..\sdk\metamod /I..\sdk /ZI /nologo /W3 /WX- /Od /Oy- /D WIN32 /D _DEBUG /D _CONSOLE /D _WINDLL /Gm- /EHsc /MT /GS /fp:precise /Zc:wchar_t /Zc:forScope /Fo".\sypb_release\obj\\" /Fd".\sypb_release\inf\vc120.pdb" /Gd /TP /analyze- /errorReport:prompt ..\source\base.cpp ..\source\main.cpp ..\sdk\amxxmodule.cpp
         base.cpp
         main.cpp
         amxxmodule.cpp
         Generating Code...
       ResourceCompile:
         C:\Program Files (x86)\Windows Kits\8.1\bin\x86\rc.exe /l"0x0409" /nologo /fo".\sypb_release\inf\sypb_amxx.res" sypb_amxx.rc 
       Link:
         C:\Program Files (x86)\Microsoft Visual Studio 12.0\VC\bin\link.exe /ERRORREPORT:PROMPT /OUT:".\sypb_release/sypb_amxx.dll" /INCREMENTAL:NO /NOLOGO kernel32.lib user32.lib gdi32.lib winspool.lib comdlg32.lib advapi32.lib shell32.lib ole32.lib oleaut32.lib uuid.lib odbc32.lib odbccp32.lib /MANIFEST:NO /DEBUG /PDB:".\sypb_release\sypb_amxx.pdb" /OPT:REF /OPT:ICF /TLBID:1 /DYNAMICBASE:NO /NOASSEMBLY /IMPLIB:".\sypb_release\inf\sypb_amxx.lib" /MACHINE:X86 /SAFESEH /DLL .\sypb_release\inf\sypb_amxx.res
         .\sypb_release\obj\base.obj
         .\sypb_release\obj\main.obj
         .\sypb_release\obj\amxxmodule.obj
     1>base.obj : warning LNK4075: ignoring '/EDITANDCONTINUE' due to '/OPT:ICF' specification
            Creating library .\sypb_release\inf\sypb_amxx.lib and object .\sypb_release\inf\sypb_amxx.exp
         sypb_amxx.vcxproj -> E:\sypb_amxx_src\project_v120\.\sypb_release\sypb_amxx.dll
     1>Done Building Project "E:\sypb_amxx_src\project_v120\sypb_amxx.vcxproj" (Build target(s)).

Build succeeded.

Time Elapsed 00:00:13.43
