已經開始建置於 20/10/2015 16:39:24。
     1>節點 2 (Build 目標) 上的專案 "C:\Users\mikeg\Desktop\sypb_src\project_v140\sypb.vcxproj"。
     1>ClCompile:
         C:\Program Files (x86)\Microsoft Visual Studio 14.0\VC\bin\CL.exe /c /I.\ /I..\ /I..\include /ZI /nologo /W4 /Od /Oi /Oy- /D NDEBUG /D WIN32 /D _WINDLL /D _MBCS /Gm- /EHsc /MT /GS /fp:precise /Zc:wchar_t /Zc:forScope /Zc:inline /GR /Yc"core.h" /Fp".\sypb_debug\inf\sypb.pch" /Fo".\sypb_debug\obj\\" /Fd".\sypb_debug\inf\vc140.pdb" /Gd /TP /analyze- /errorReport:prompt ..\source\precomp.cpp
         precomp.cpp
         C:\Program Files (x86)\Microsoft Visual Studio 14.0\VC\bin\CL.exe /c /I.\ /I..\ /I..\include /ZI /nologo /W4 /Od /Oi /Oy- /D NDEBUG /D WIN32 /D _WINDLL /D _MBCS /Gm- /EHsc /MT /GS /fp:precise /Zc:wchar_t /Zc:forScope /Zc:inline /GR /Yu"core.h" /Fp".\sypb_debug\inf\sypb.pch" /Fo".\sypb_debug\obj\\" /Fd".\sypb_debug\inf\vc140.pdb" /Gd /TP /analyze- /errorReport:prompt ..\source\Experience.cpp ..\source\basecode.cpp ..\source\callbacks.cpp ..\source\chatlib.cpp ..\source\combat.cpp ..\source\control.cpp ..\source\engine.cpp ..\source\globals.cpp ..\source\interface.cpp ..\source\navigate.cpp ..\source\netmsg.cpp ..\source\support.cpp ..\source\waypoint.cpp
         Experience.cpp
         basecode.cpp
         callbacks.cpp
         chatlib.cpp
         combat.cpp
         control.cpp
         engine.cpp
         globals.cpp
         interface.cpp
         navigate.cpp
         netmsg.cpp
         support.cpp
         waypoint.cpp
         正在產生程式碼...
     1>C:\Program Files (x86)\MSBuild\Microsoft.Cpp\v4.0\V140\Microsoft.CppBuild.targets(1189,5): warning MSB8012: TargetPath(C:\Users\mikeg\Desktop\sypb_src\project_v140\.\sypb_debug\sypb.dll) does not match the Linker's OutputFile property value (C:\Users\mikeg\Desktop\sypb_src\project_v140\sypb_debug\sypb_debug.dll). This may cause your project to build incorrectly. To correct this, please make sure that $(OutDir), $(TargetName) and $(TargetExt) property values match the value specified in %(Link.OutputFile).
     1>C:\Program Files (x86)\MSBuild\Microsoft.Cpp\v4.0\V140\Microsoft.CppBuild.targets(1191,5): warning MSB8012: TargetName(sypb) does not match the Linker's OutputFile property value (sypb_debug). This may cause your project to build incorrectly. To correct this, please make sure that $(OutDir), $(TargetName) and $(TargetExt) property values match the value specified in %(Link.OutputFile).
       Link:
         C:\Program Files (x86)\Microsoft Visual Studio 14.0\VC\bin\link.exe /ERRORREPORT:PROMPT /OUT:".\sypb_debug/sypb_debug.dll" /INCREMENTAL:NO /NOLOGO kernel32.lib user32.lib gdi32.lib winspool.lib comdlg32.lib advapi32.lib shell32.lib ole32.lib oleaut32.lib uuid.lib odbc32.lib odbccp32.lib /MANIFEST:NO /Debug /PDB:".\sypb_debug\sypb.pdb" /OPT:REF /OPT:ICF /TLBID:1 /DYNAMICBASE:NO /NOASSEMBLY /IMPLIB:".\sypb_debug\inf\sypb.lib" /MACHINE:X86 /SAFESEH /DLL .\sypb_debug\inf\sypb.res
         .\sypb_debug\obj\basecode.obj
         .\sypb_debug\obj\callbacks.obj
         .\sypb_debug\obj\chatlib.obj
         .\sypb_debug\obj\combat.obj
         .\sypb_debug\obj\control.obj
         .\sypb_debug\obj\engine.obj
         .\sypb_debug\obj\Experience.obj
         .\sypb_debug\obj\globals.obj
         .\sypb_debug\obj\interface.obj
         .\sypb_debug\obj\navigate.obj
         .\sypb_debug\obj\netmsg.obj
         .\sypb_debug\obj\precomp.obj
         .\sypb_debug\obj\support.obj
         .\sypb_debug\obj\waypoint.obj
     1>basecode.obj : warning LNK4075: 忽略 '/EDITANDCONTINUE'，由於 '/OPT:ICF' 規格
            正在建立程式庫 .\sypb_debug\inf\sypb.lib 和物件 .\sypb_debug\inf\sypb.exp
         sypb.vcxproj -> C:\Users\mikeg\Desktop\sypb_src\project_v140\.\sypb_debug\sypb.dll
     1>專案 "C:\Users\mikeg\Desktop\sypb_src\project_v140\sypb.vcxproj" (Build 目標) 建置完成。

建置成功。

經過時間 00:00:02.60
